<?xml version="1.0" encoding="UTF-8"?>
<!-- Generated by org.testng.reporters.JUnitXMLReporter -->
<testsuite ignored="1" hostname="Madan" failures="0" tests="1" name="smoke" time="10.475" errors="0" timestamp="2025-10-20T11:31:41 IST">
  <testcase classname="testCases.TC101_ToVerifyValidLoginDetails" name="ValidLoginDetails" time="3.147"/>
  <testcase classname="testCases.TC102_ValidatingForgotPossword" name="validatingForgotPossword" time="0.0">
    <ignored/>
  </testcase> <!-- validatingForgotPossword -->
</testsuite> <!-- smoke -->
