<?xml version="1.0" encoding="UTF-8"?>
<!-- Generated by org.testng.reporters.JUnitXMLReporter -->
<testsuite ignored="0" hostname="Madan" failures="0" tests="2" name="Test" time="22.251" errors="0" timestamp="2025-10-27T22:04:50 IST">
  <testcase classname="com.adactinhotelapp.testcases.TC101_ToVerifyValidLoginDetails" name="ValidLoginDetails" time="2.312"/>
  <testcase classname="com.adactinhotelapp.testcases.TC121_ValidatingForgotPossword" name="validatingForgotPossword" time="3.609"/>
</testsuite> <!-- Test -->
