<?xml version="1.0" encoding="UTF-8"?>
<!-- Generated by org.testng.reporters.JUnitXMLReporter -->
<testsuite ignored="0" hostname="Madan" failures="1" tests="2" name="Test" time="18.821" errors="0" timestamp="2025-10-19T11:52:58 IST">
  <testcase classname="testCases.TC101_ToVerifyValidLoginDetails" name="ValidLoginDetails" time="0.289">
    <failure type="java.lang.AssertionError" message="expected [Adactin.com - Search Hotel] but found [Adactin.com - Hotel Reservation System]">
      <![CDATA[java.lang.AssertionError: expected [Adactin.com - Search Hotel] but found [Adactin.com - Hotel Reservation System]
at testCases.TC101_ToVerifyValidLoginDetails.ValidLoginDetails(TC101_ToVerifyValidLoginDetails.java:37)
at java.base/java.util.ArrayList.forEach(ArrayList.java:1511)
... Removed 33 stack frames]]>
    </failure>
  </testcase> <!-- ValidLoginDetails -->
  <testcase classname="testCases.TC102_ValidatingForgotPossword" name="validatingForgotPossword" time="1.63"/>
</testsuite> <!-- Test -->
