<?xml version="1.0" encoding="UTF-8"?>
<!-- Generated by org.testng.reporters.JUnitXMLReporter -->
<testsuite ignored="0" hostname="Madan" failures="0" tests="20" name="All Test Cases" time="575.803" errors="0" timestamp="2025-10-27T23:52:47 IST">
  <testcase classname="com.adactinhotelapp.testcases.TC101_ToVerifyValidLoginDetails" name="ValidLoginDetails" time="2.254"/>
  <testcase classname="com.adactinhotelapp.testcases.TC102_toVerifyCheckIn_CheckOut_Dates" name="verifyingChkInAndChkOutDates" time="3.056"/>
  <testcase classname="com.adactinhotelapp.testcases.TC103_ToVerifyErrorMSGInDateField" name="toVerifyErrorMSGInDateField" time="2.748"/>
  <testcase classname="com.adactinhotelapp.testcases.TC104_VerifyingTheSearchHotelDetails" name="verifyingTheSearchHotelDetails" time="5.128"/>
  <testcase classname="com.adactinhotelapp.testcases.TC105_ToVerifyChkIn_Out_DateProper_SearchHotel" name="verifyingChkInAndChkOutDates" time="5.611"/>
  <testcase classname="com.adactinhotelapp.testcases.TC106_ToVerifyNumOfRooms_SearchHotel" name="toVerifyNumOfRooms" time="5.826"/>
  <testcase classname="com.adactinhotelapp.testcases.TC107_ToVerifyRoomType_SearchHotel" name="toVerifyRoomType" time="5.547"/>
  <testcase classname="com.adactinhotelapp.testcases.TC108_VerifyTheTotalPricesOfTheRooms" name="toVerifyNumOfRooms" time="5.844"/>
  <testcase classname="com.adactinhotelapp.testcases.TC109_LogOutFromTheBookHotelPage" name="toVerifylogOutfromBookHotelPage" time="8.232"/>
  <testcase classname="com.adactinhotelapp.testcases.TC110_VerifyTheTotalPricesOfTheRoomsWithGST" name="toVerifyNumOfRooms" time="5.021"/>
  <testcase classname="com.adactinhotelapp.testcases.TC111_ValidatingFields_BookHotelPage" name="toValidatingFieldsInBookHotelPage" time="7.719"/>
  <testcase classname="com.adactinhotelapp.testcases.TC112_ValidatingFinalBillPrice_BookHotel" name="toValidatingFieldsofTotalPrice" time="7.745"/>
  <testcase classname="com.adactinhotelapp.testcases.TC113_VerifyingDates_BookingConfirm" name="toVerifyingDatesInBookingConfirm" time="26.497"/>
  <testcase classname="com.adactinhotelapp.testcases.TC114_VerifyingOrderNumber_BookingConfirm" name="toVerifyingDatesInBookingConfirm" time="26.177"/>
  <testcase classname="com.adactinhotelapp.testcases.TC115_VerifyingIfItineraryDetailsEditable_SelectHotel" name="toVerifyingDatesInBookingConfirm" time="40.903"/>
  <testcase classname="com.adactinhotelapp.testcases.TC116_VerifyingIfItineraryDetailsReflectingCorrect_SelectHotel" name="toVerifyingFieldsInSelectHotel" time="49.68"/>
  <testcase classname="com.adactinhotelapp.testcases.TC117_VerifyingIfSearchIdShowingValidDeatils_SelectHotel" name="toVerifyingFieldsInSelectHotel" time="68.474"/>
  <testcase classname="com.adactinhotelapp.testcases.TC118_VerifyingIfSearchIdShowingValidDeatils_SelectHotel" name="toVerifyingFieldsInSelectHotel" time="58.576"/>
  <testcase classname="com.adactinhotelapp.testcases.TC119_VerifyingIfOrderIdDeleted_SelectHotel" name="toVerifyingIfOrderIdDeleted" time="105.386"/>
  <testcase classname="com.adactinhotelapp.testcases.TC120_VerifyAllPagesTitles" name="titlesVerify" time="8.798"/>
</testsuite> <!-- All Test Cases -->
